[INFO ] 2016-10-21 10:44:38.464 [main] MMClient - [>>>][>>>] Sending to server...
[INFO ] 2016-10-21 10:44:38.464 [main] MMClient - [>>>][>>>] Got new hint
[INFO ] 2016-10-21 10:44:38.464 [main] MMClient - [>>>][>>>] Hint: 1 0 0 0
[INFO ] 2016-10-21 10:44:38.464 [main] MMClient - [>>>][>>>] Sending to server...
[INFO ] 2016-10-21 10:44:38.464 [main] MMClient - [>>>][>>>] Got new hint
[INFO ] 2016-10-21 10:44:38.464 [main] MMClient - [>>>][>>>] Hint: 1 1 1 1
[INFO ] 2016-10-21 10:44:38.464 [main] MMClient - [>>>][>>>] Sending to server...
[INFO ] 2016-10-21 10:44:38.479 [main] MMClient - [>>>][>>>] Got new hint
[INFO ] 2016-10-21 10:44:38.479 [main] MMClient - [>>>][>>>] Hint: 1 1 1 1
[INFO ] 2016-10-21 10:47:31.864 [main] MMClient - [>>>][>>>] Sending to server...
[INFO ] 2016-10-21 10:47:31.864 [main] MMClient - [>>>][>>>] Got new hint
[INFO ] 2016-10-21 10:47:31.864 [main] MMClient - [>>>][>>>] Hint: 1 0 0 0
[INFO ] 2016-10-21 10:47:31.864 [main] MMClient - [>>>][>>>] Sending to server...
[INFO ] 2016-10-21 10:47:31.864 [main] MMClient - [>>>][>>>] Got new hint
[INFO ] 2016-10-21 10:47:31.864 [main] MMClient - [>>>][>>>] Hint: 1 1 1 0
[INFO ] 2016-10-21 10:47:31.864 [main] MMClient - [>>>][>>>] Sending to server...
[INFO ] 2016-10-21 10:50:13.222 [main] MMClient - [>>>][>>>] Sending to server...
[INFO ] 2016-10-21 10:50:13.238 [main] MMClient - [>>>][>>>] Got new hint
[INFO ] 2016-10-21 10:50:13.238 [main] MMClient - [>>>][>>>] Hint: 1 1 1 1
[INFO ] 2016-10-21 10:50:13.238 [main] MMClient - [>>>][>>>] Sending to server...
[INFO ] 2016-10-21 10:50:13.238 [main] MMClient - [>>>][>>>] Got new hint
[INFO ] 2016-10-21 10:50:13.238 [main] MMClient - [>>>][>>>] Hint: 1 1 1 1
[INFO ] 2016-10-21 10:50:13.238 [main] MMClient - [>>>][>>>] Sending to server...
[INFO ] 2016-10-21 10:50:13.238 [main] MMClient - [>>>][>>>] Got new hint
[INFO ] 2016-10-21 10:50:13.238 [main] MMClient - [>>>][>>>] Hint: 1 1 1 1
[INFO ] 2016-10-21 10:51:42.731 [main] MMClient - [>>>][>>>] Sending to server...
[INFO ] 2016-10-21 10:51:42.747 [main] MMClient - [>>>][>>>] Got new hint
[INFO ] 2016-10-21 10:51:42.747 [main] MMClient - [>>>][>>>] Hint: 1 1 1 1
[INFO ] 2016-10-21 10:51:42.747 [main] MMClient - [>>>][>>>] Sending to server...
[INFO ] 2016-10-21 10:51:42.747 [main] MMClient - [>>>][>>>] Got new hint
[INFO ] 2016-10-21 10:51:42.747 [main] MMClient - [>>>][>>>] Hint: 1 1 1 1
[INFO ] 2016-10-21 10:51:42.747 [main] MMClient - [>>>][>>>] Sending to server...
[INFO ] 2016-10-21 10:51:42.747 [main] MMClient - [>>>][>>>] Got new hint
[INFO ] 2016-10-21 10:51:42.747 [main] MMClient - [>>>][>>>] Hint: 1 1 1 1
[INFO ] 2016-10-21 10:53:28.352 [main] MMClient - [>>>][>>>] Sending to server...
[INFO ] 2016-10-21 10:56:06.230 [main] MMClient - [>>>][>>>] Sending to server...
[INFO ] 2016-10-21 10:56:06.230 [main] MMClient - [>>>][>>>] Got new hint
[INFO ] 2016-10-21 10:56:06.230 [main] MMClient - [>>>][>>>] Hint: 1 1 1 1
[INFO ] 2016-10-21 10:56:06.230 [main] MMClient - [>>>][>>>] Sending to server...
[INFO ] 2016-10-21 10:56:06.230 [main] MMClient - [>>>][>>>] Got new hint
[INFO ] 2016-10-21 10:56:06.230 [main] MMClient - [>>>][>>>] Hint: 1 1 1 1
[INFO ] 2016-10-21 10:56:06.230 [main] MMClient - [>>>][>>>] Sending to server...
[INFO ] 2016-10-21 10:56:06.230 [main] MMClient - [>>>][>>>] Got new hint
[INFO ] 2016-10-21 10:56:06.230 [main] MMClient - [>>>][>>>] Hint: 1 1 1 1
[INFO ] 2016-10-21 10:57:41.193 [main] MMClient - [>>>][>>>] Sending to server...
[INFO ] 2016-10-21 10:57:41.193 [main] MMClient - [>>>][>>>] Sending to server...
[INFO ] 2016-10-21 10:57:41.193 [main] MMClient - [>>>][>>>] Got new hint
[INFO ] 2016-10-21 10:57:41.193 [main] MMClient - [>>>][>>>] Hint: 1 1 1 1
[INFO ] 2016-10-21 10:57:41.193 [main] MMClient - [>>>][>>>] Sending to server...
[INFO ] 2016-10-21 10:57:41.193 [main] MMClient - [>>>][>>>] Got new hint
[INFO ] 2016-10-21 10:57:41.193 [main] MMClient - [>>>][>>>] Hint: 1 1 1 1
[INFO ] 2016-10-27 12:14:51.380 [JavaFX Application Thread] MMClient - [>>>][>>>] Sending to server...
[INFO ] 2016-10-27 12:17:48.871 [JavaFX Application Thread] MMClient - [>>>][>>>] Sending to server...
[INFO ] 2016-10-27 12:19:07.477 [JavaFX Application Thread] MMClient - [>>>][>>>] Sending to server...
[INFO ] 2016-10-27 12:27:22.791 [JavaFX Application Thread] MMClient - [>>>][>>>] Sending to server...
[INFO ] 2016-10-27 12:35:52.598 [JavaFX Application Thread] MMClient - [>>>][>>>] Sending to server...
[INFO ] 2016-10-27 12:38:53.435 [JavaFX Application Thread] MMClient - [>>>][>>>] Sending to server...
[INFO ] 2016-10-27 12:40:48.011 [JavaFX Application Thread] MMClient - [>>>][>>>] Sending to server...
[INFO ] 2016-10-27 12:43:46.213 [JavaFX Application Thread] MMClient - [>>>][>>>] Sending to server...
[INFO ] 2016-10-27 12:49:34.165 [JavaFX Application Thread] MMClient - [>>>][>>>] Sending to server...
[INFO ] 2016-10-27 13:09:44.897 [JavaFX Application Thread] MMClient - [>>>][>>>] Loop 2
[INFO ] 2016-10-27 13:09:44.898 [JavaFX Application Thread] MMClient - [>>>][>>>] Loop 2
[INFO ] 2016-10-27 13:09:44.899 [JavaFX Application Thread] MMClient - [>>>][>>>] Loop 2
[INFO ] 2016-10-27 13:09:44.899 [JavaFX Application Thread] MMClient - [>>>][>>>] Loop 2
[INFO ] 2016-10-27 13:10:56.520 [JavaFX Application Thread] MMClient - [>>>][>>>] Loop 2
[INFO ] 2016-10-27 13:10:56.521 [JavaFX Application Thread] MMClient - [>>>][>>>] Loop 2
[INFO ] 2016-10-27 13:10:56.522 [JavaFX Application Thread] MMClient - [>>>][>>>] Loop 2
[INFO ] 2016-10-27 13:10:56.522 [JavaFX Application Thread] MMClient - [>>>][>>>] Loop 2
[INFO ] 2016-10-27 13:10:56.522 [JavaFX Application Thread] MMClient - [>>>][>>>] Loop 1
[INFO ] 2016-10-27 13:14:39.956 [JavaFX Application Thread] MMClient - [>>>][>>>] Loop 2
[INFO ] 2016-10-27 13:14:39.957 [JavaFX Application Thread] MMClient - [>>>][>>>] Loop 2
[INFO ] 2016-10-27 13:14:39.958 [JavaFX Application Thread] MMClient - [>>>][>>>] Loop 2
[INFO ] 2016-10-27 13:14:39.958 [JavaFX Application Thread] MMClient - [>>>][>>>] Loop 2
[INFO ] 2016-10-27 13:14:39.958 [JavaFX Application Thread] MMClient - [>>>][>>>] Loop 1
[INFO ] 2016-10-27 13:14:39.959 [JavaFX Application Thread] MMClient - [>>>][>>>] Loop 1
[INFO ] 2016-10-27 13:14:39.959 [JavaFX Application Thread] MMClient - [>>>][>>>] Loop 1
[INFO ] 2016-10-27 13:14:39.960 [JavaFX Application Thread] MMClient - [>>>][>>>] Loop 1
[INFO ] 2016-10-27 13:15:08.493 [JavaFX Application Thread] MMClient - [>>>][>>>] Loop 2
[INFO ] 2016-10-27 13:15:08.494 [JavaFX Application Thread] MMClient - [>>>][>>>] Loop 2
[INFO ] 2016-10-27 13:15:08.494 [JavaFX Application Thread] MMClient - [>>>][>>>] Loop 2
[INFO ] 2016-10-27 13:15:08.494 [JavaFX Application Thread] MMClient - [>>>][>>>] Loop 2
[INFO ] 2016-10-27 13:15:08.494 [JavaFX Application Thread] MMClient - [>>>][>>>] Loop 1
[INFO ] 2016-10-27 13:21:01.887 [JavaFX Application Thread] MMClient - [>>>][>>>] Loop 2
[INFO ] 2016-10-27 13:21:01.889 [JavaFX Application Thread] MMClient - [>>>][>>>] Loop 2
[INFO ] 2016-10-27 13:21:01.889 [JavaFX Application Thread] MMClient - [>>>][>>>] Loop 2
[INFO ] 2016-10-27 13:21:01.889 [JavaFX Application Thread] MMClient - [>>>][>>>] Loop 2
[INFO ] 2016-10-27 13:21:01.889 [JavaFX Application Thread] MMClient - [>>>][>>>] Loop 1
[INFO ] 2016-10-27 13:21:01.891 [JavaFX Application Thread] MMClient - [>>>][>>>] Loop 1
[INFO ] 2016-10-27 13:21:01.891 [JavaFX Application Thread] MMClient - [>>>][>>>] Loop 1
[INFO ] 2016-10-27 13:21:01.891 [JavaFX Application Thread] MMClient - [>>>][>>>] Loop 1
[INFO ] 2016-10-27 20:08:41.346 [JavaFX Application Thread] MMClient - [>>>][>>>] 1
[INFO ] 2016-10-27 20:08:41.347 [JavaFX Application Thread] MMClient - [>>>][>>>] 2
[INFO ] 2016-10-27 20:08:41.347 [JavaFX Application Thread] MMClient - [>>>][>>>] 3
[INFO ] 2016-10-27 20:08:47.342 [JavaFX Application Thread] MMClient - [>>>][>>>] 1
[INFO ] 2016-10-27 20:08:47.342 [JavaFX Application Thread] MMClient - [>>>][>>>] 2
[INFO ] 2016-10-27 20:12:47.306 [JavaFX Application Thread] MMClient - [>>>][>>>] 1
[INFO ] 2016-10-27 20:12:47.307 [JavaFX Application Thread] MMClient - [>>>][>>>] 2
[INFO ] 2016-10-27 20:12:47.307 [JavaFX Application Thread] MMClient - [>>>][>>>] 3
[INFO ] 2016-10-27 20:12:51.011 [JavaFX Application Thread] MMClient - [>>>][>>>] 1
[INFO ] 2016-10-27 20:12:51.011 [JavaFX Application Thread] MMClient - [>>>][>>>] 2
[INFO ] 2016-10-27 20:15:41.981 [JavaFX Application Thread] MMClient - [>>>][>>>] 1
[INFO ] 2016-10-27 20:15:41.982 [JavaFX Application Thread] MMClient - [>>>][>>>] 2
[INFO ] 2016-10-27 20:15:41.982 [JavaFX Application Thread] MMClient - [>>>][>>>] 3
[INFO ] 2016-10-27 20:15:46.443 [JavaFX Application Thread] MMClient - [>>>][>>>] 1
[INFO ] 2016-10-27 20:15:46.443 [JavaFX Application Thread] MMClient - [>>>][>>>] 2
[INFO ] 2016-10-27 20:21:27.121 [JavaFX Application Thread] MMClient - [>>>][>>>] 1
[INFO ] 2016-10-27 20:21:27.122 [JavaFX Application Thread] MMClient - [>>>][>>>] 2
[INFO ] 2016-10-27 20:21:27.123 [JavaFX Application Thread] MMClient - [>>>][>>>] 3
[INFO ] 2016-10-27 20:21:41.869 [JavaFX Application Thread] MMClient - [>>>][>>>] 1
[INFO ] 2016-10-27 20:21:41.869 [JavaFX Application Thread] MMClient - [>>>][>>>] 2
[INFO ] 2016-10-27 20:21:41.869 [JavaFX Application Thread] MMClient - [>>>][>>>] 2
[INFO ] 2016-10-27 20:21:41.869 [JavaFX Application Thread] MMClient - [>>>][>>>] 3
[INFO ] 2016-10-27 20:23:54.132 [JavaFX Application Thread] MMClient - [>>>][>>>] 1
[INFO ] 2016-10-27 20:23:54.133 [JavaFX Application Thread] MMClient - [>>>][>>>] 2
[INFO ] 2016-10-27 20:23:54.133 [JavaFX Application Thread] MMClient - [>>>][>>>] 3
[INFO ] 2016-10-27 20:24:07.484 [JavaFX Application Thread] MMClient - [>>>][>>>] 1
[INFO ] 2016-10-27 20:24:07.484 [JavaFX Application Thread] MMClient - [>>>][>>>] 2
[INFO ] 2016-10-27 20:24:07.484 [JavaFX Application Thread] MMClient - [>>>][>>>] 2
[INFO ] 2016-10-27 20:24:07.484 [JavaFX Application Thread] MMClient - [>>>][>>>] 3
[INFO ] 2016-10-27 20:28:12.759 [JavaFX Application Thread] MMClient - [>>>][>>>] 1
[INFO ] 2016-10-27 20:28:12.761 [JavaFX Application Thread] MMClient - [>>>][>>>] 2
[INFO ] 2016-10-27 20:28:12.761 [JavaFX Application Thread] MMClient - [>>>][>>>] 3
[INFO ] 2016-10-27 20:31:27.713 [JavaFX Application Thread] MMClient - [>>>][>>>] 1
[INFO ] 2016-10-27 20:31:27.714 [JavaFX Application Thread] MMClient - [>>>][>>>] 2
[INFO ] 2016-10-27 20:31:27.714 [JavaFX Application Thread] MMClient - [>>>][>>>] 3
[INFO ] 2016-10-27 20:31:44.783 [JavaFX Application Thread] MMClient - [>>>][>>>] 1
[INFO ] 2016-10-27 20:31:44.783 [JavaFX Application Thread] MMClient - [>>>][>>>] 2
[INFO ] 2016-10-27 20:31:44.783 [JavaFX Application Thread] MMClient - [>>>][>>>] 2
[INFO ] 2016-10-27 20:31:44.783 [JavaFX Application Thread] MMClient - [>>>][>>>] 3
[INFO ] 2016-10-27 20:32:50.776 [JavaFX Application Thread] MMClient - [>>>][>>>] 1
[INFO ] 2016-10-27 20:32:50.776 [JavaFX Application Thread] MMClient - [>>>][>>>] 2
[INFO ] 2016-10-27 20:33:51.577 [JavaFX Application Thread] MMClient - [>>>][>>>] 1
[INFO ] 2016-10-27 20:33:51.578 [JavaFX Application Thread] MMClient - [>>>][>>>] 2
[INFO ] 2016-10-27 20:33:51.578 [JavaFX Application Thread] MMClient - [>>>][>>>] 3
[INFO ] 2016-10-27 20:34:11.744 [JavaFX Application Thread] MMClient - [>>>][>>>] 1
[INFO ] 2016-10-27 20:34:11.744 [JavaFX Application Thread] MMClient - [>>>][>>>] 2
[INFO ] 2016-10-27 20:34:11.745 [JavaFX Application Thread] MMClient - [>>>][>>>] 2
[INFO ] 2016-10-27 20:34:11.745 [JavaFX Application Thread] MMClient - [>>>][>>>] 3
[INFO ] 2016-10-27 20:34:21.379 [JavaFX Application Thread] MMClient - [>>>][>>>] 1
[INFO ] 2016-10-27 20:34:21.379 [JavaFX Application Thread] MMClient - [>>>][>>>] 2
[INFO ] 2016-10-27 20:34:21.379 [JavaFX Application Thread] MMClient - [>>>][>>>] 2
[INFO ] 2016-10-27 20:34:21.379 [JavaFX Application Thread] MMClient - [>>>][>>>] 3
[INFO ] 2016-10-27 20:36:46.382 [JavaFX Application Thread] MMClient - [>>>][>>>] 1
[INFO ] 2016-10-27 20:36:46.383 [JavaFX Application Thread] MMClient - [>>>][>>>] 2
[INFO ] 2016-10-27 20:36:46.384 [JavaFX Application Thread] MMClient - [>>>][>>>] 3
[INFO ] 2016-10-27 20:37:00.310 [JavaFX Application Thread] MMClient - [>>>][>>>] 1
[INFO ] 2016-10-27 20:37:00.310 [JavaFX Application Thread] MMClient - [>>>][>>>] 2
[INFO ] 2016-10-27 20:37:00.310 [JavaFX Application Thread] MMClient - [>>>][>>>] 2
[INFO ] 2016-10-27 20:37:00.310 [JavaFX Application Thread] MMClient - [>>>][>>>] 3
[INFO ] 2016-10-27 20:37:29.804 [JavaFX Application Thread] MMClient - [>>>][>>>] 1
[INFO ] 2016-10-27 20:37:29.804 [JavaFX Application Thread] MMClient - [>>>][>>>] 2
[INFO ] 2016-10-27 20:37:29.804 [JavaFX Application Thread] MMClient - [>>>][>>>] 2
[INFO ] 2016-10-27 20:37:29.804 [JavaFX Application Thread] MMClient - [>>>][>>>] 3
[INFO ] 2016-10-27 20:37:55.092 [JavaFX Application Thread] MMClient - [>>>][>>>] 1
[INFO ] 2016-10-27 20:37:55.092 [JavaFX Application Thread] MMClient - [>>>][>>>] 2
[INFO ] 2016-10-27 20:37:55.092 [JavaFX Application Thread] MMClient - [>>>][>>>] 2
[INFO ] 2016-10-27 20:37:55.092 [JavaFX Application Thread] MMClient - [>>>][>>>] 3
[INFO ] 2016-10-27 20:38:30.747 [JavaFX Application Thread] MMClient - [>>>][>>>] 1
[INFO ] 2016-10-27 20:38:30.747 [JavaFX Application Thread] MMClient - [>>>][>>>] 2
[INFO ] 2016-10-27 20:38:30.747 [JavaFX Application Thread] MMClient - [>>>][>>>] 2
[INFO ] 2016-10-27 20:38:30.747 [JavaFX Application Thread] MMClient - [>>>][>>>] 3
[INFO ] 2016-10-27 20:38:56.624 [JavaFX Application Thread] MMClient - [>>>][>>>] 1
[INFO ] 2016-10-27 20:38:56.624 [JavaFX Application Thread] MMClient - [>>>][>>>] 2
[INFO ] 2016-10-27 20:38:56.624 [JavaFX Application Thread] MMClient - [>>>][>>>] 2
[INFO ] 2016-10-27 20:38:56.624 [JavaFX Application Thread] MMClient - [>>>][>>>] 3
[INFO ] 2016-10-27 20:39:16.703 [JavaFX Application Thread] MMClient - [>>>][>>>] 1
[INFO ] 2016-10-27 20:39:16.704 [JavaFX Application Thread] MMClient - [>>>][>>>] 2
[INFO ] 2016-10-27 20:39:16.704 [JavaFX Application Thread] MMClient - [>>>][>>>] 2
[INFO ] 2016-10-27 20:39:16.704 [JavaFX Application Thread] MMClient - [>>>][>>>] 3
[INFO ] 2016-10-27 20:48:57.639 [JavaFX Application Thread] MMClient - [>>>][>>>] 1
[INFO ] 2016-10-27 20:48:57.640 [JavaFX Application Thread] MMClient - [>>>][>>>] 2
[INFO ] 2016-10-27 20:48:57.640 [JavaFX Application Thread] MMClient - [>>>][>>>] 3
[INFO ] 2016-10-27 20:49:03.582 [JavaFX Application Thread] MMClient - [>>>][>>>] 1
[INFO ] 2016-10-27 20:49:03.582 [JavaFX Application Thread] MMClient - [>>>][>>>] 2
[INFO ] 2016-10-27 20:49:03.582 [JavaFX Application Thread] MMClient - [>>>][>>>] 2
[INFO ] 2016-10-27 20:49:03.582 [JavaFX Application Thread] MMClient - [>>>][>>>] 3
[INFO ] 2016-10-27 20:49:14.274 [JavaFX Application Thread] MMClient - [>>>][>>>] 1
[INFO ] 2016-10-27 20:49:14.274 [JavaFX Application Thread] MMClient - [>>>][>>>] 2
[INFO ] 2016-10-27 20:49:14.274 [JavaFX Application Thread] MMClient - [>>>][>>>] 2
[INFO ] 2016-10-27 20:49:14.274 [JavaFX Application Thread] MMClient - [>>>][>>>] 3
[INFO ] 2016-10-27 20:49:23.746 [JavaFX Application Thread] MMClient - [>>>][>>>] 1
[INFO ] 2016-10-27 20:49:23.746 [JavaFX Application Thread] MMClient - [>>>][>>>] 2
[INFO ] 2016-10-27 20:49:23.746 [JavaFX Application Thread] MMClient - [>>>][>>>] 2
[INFO ] 2016-10-27 20:49:23.746 [JavaFX Application Thread] MMClient - [>>>][>>>] 3
[INFO ] 2016-10-27 20:49:36.547 [JavaFX Application Thread] MMClient - [>>>][>>>] 1
[INFO ] 2016-10-27 20:49:36.547 [JavaFX Application Thread] MMClient - [>>>][>>>] 2
[INFO ] 2016-10-27 20:49:36.547 [JavaFX Application Thread] MMClient - [>>>][>>>] 2
[INFO ] 2016-10-27 20:49:36.547 [JavaFX Application Thread] MMClient - [>>>][>>>] 3
[INFO ] 2016-10-27 20:52:45.754 [JavaFX Application Thread] MMClient - [>>>][>>>] 1
[INFO ] 2016-10-27 20:52:45.756 [JavaFX Application Thread] MMClient - [>>>][>>>] 2
[INFO ] 2016-10-27 20:52:45.756 [JavaFX Application Thread] MMClient - [>>>][>>>] 3
[INFO ] 2016-10-27 20:52:50.792 [JavaFX Application Thread] MMClient - [>>>][>>>] 1
[INFO ] 2016-10-27 20:52:50.792 [JavaFX Application Thread] MMClient - [>>>][>>>] 2
[INFO ] 2016-10-27 20:52:50.792 [JavaFX Application Thread] MMClient - [>>>][>>>] 2
[INFO ] 2016-10-27 20:52:50.792 [JavaFX Application Thread] MMClient - [>>>][>>>] 3
[INFO ] 2016-10-27 21:12:20.083 [JavaFX Application Thread] MMClient - [>>>][>>>] 1
[INFO ] 2016-10-27 21:12:20.085 [JavaFX Application Thread] MMClient - [>>>][>>>] 2
[INFO ] 2016-10-27 21:12:20.087 [JavaFX Application Thread] MMClient - [>>>][>>>] 3
[INFO ] 2016-10-27 21:12:27.723 [JavaFX Application Thread] MMClient - [>>>][>>>] 1
[INFO ] 2016-10-27 21:12:27.724 [JavaFX Application Thread] MMClient - [>>>][>>>] 2
[INFO ] 2016-10-27 21:12:27.724 [JavaFX Application Thread] MMClient - [>>>][>>>] 2
[INFO ] 2016-10-27 21:12:27.724 [JavaFX Application Thread] MMClient - [>>>][>>>] 3
[INFO ] 2016-10-27 21:18:09.650 [JavaFX Application Thread] MMClient - [>>>][>>>] 1
[INFO ] 2016-10-27 21:18:09.652 [JavaFX Application Thread] MMClient - [>>>][>>>] 2
[INFO ] 2016-10-27 21:18:09.654 [JavaFX Application Thread] MMClient - [>>>][>>>] 3
[INFO ] 2016-10-27 21:18:14.787 [JavaFX Application Thread] MMClient - [>>>][>>>] 1
[INFO ] 2016-10-27 21:18:14.788 [JavaFX Application Thread] MMClient - [>>>][>>>] 2
[INFO ] 2016-10-27 21:18:14.788 [JavaFX Application Thread] MMClient - [>>>][>>>] 2
[INFO ] 2016-10-27 21:18:14.789 [JavaFX Application Thread] MMClient - [>>>][>>>] 2
[INFO ] 2016-10-27 21:18:14.789 [JavaFX Application Thread] MMClient - [>>>][>>>] 2
[INFO ] 2016-10-27 21:18:14.790 [JavaFX Application Thread] MMClient - [>>>][>>>] 3
[INFO ] 2016-10-27 21:18:14.835 [JavaFX Application Thread] MMClient - [>>>][>>>] 1
[INFO ] 2016-10-27 21:18:14.835 [JavaFX Application Thread] MMClient - [>>>][>>>] 2
[INFO ] 2016-10-27 21:18:14.836 [JavaFX Application Thread] MMClient - [>>>][>>>] 2
[INFO ] 2016-10-27 21:18:14.836 [JavaFX Application Thread] MMClient - [>>>][>>>] 3
[INFO ] 2016-10-27 21:18:29.940 [JavaFX Application Thread] MMClient - [>>>][>>>] 1
[INFO ] 2016-10-27 21:18:29.940 [JavaFX Application Thread] MMClient - [>>>][>>>] 2
[INFO ] 2016-10-27 21:18:29.941 [JavaFX Application Thread] MMClient - [>>>][>>>] 2
[INFO ] 2016-10-27 21:18:29.941 [JavaFX Application Thread] MMClient - [>>>][>>>] 2
[INFO ] 2016-10-27 21:18:29.941 [JavaFX Application Thread] MMClient - [>>>][>>>] 2
[INFO ] 2016-10-27 21:18:29.941 [JavaFX Application Thread] MMClient - [>>>][>>>] 3
[INFO ] 2016-10-27 21:18:30.692 [JavaFX Application Thread] MMClient - [>>>][>>>] 1
[INFO ] 2016-10-27 21:18:30.692 [JavaFX Application Thread] MMClient - [>>>][>>>] 2
[INFO ] 2016-10-27 21:18:30.693 [JavaFX Application Thread] MMClient - [>>>][>>>] 2
[INFO ] 2016-10-27 21:18:30.693 [JavaFX Application Thread] MMClient - [>>>][>>>] 3
[INFO ] 2016-10-27 21:19:29.477 [JavaFX Application Thread] MMClient - [>>>][>>>] 1
[INFO ] 2016-10-27 21:19:29.481 [JavaFX Application Thread] MMClient - [>>>][>>>] 2
[INFO ] 2016-10-27 21:19:29.482 [JavaFX Application Thread] MMClient - [>>>][>>>] 3
[INFO ] 2016-10-27 21:19:33.179 [JavaFX Application Thread] MMClient - [>>>][>>>] 1
[INFO ] 2016-10-27 21:19:33.179 [JavaFX Application Thread] MMClient - [>>>][>>>] 2
[INFO ] 2016-10-27 21:19:33.182 [JavaFX Application Thread] MMClient - [>>>][>>>] 2
[INFO ] 2016-10-27 21:19:33.182 [JavaFX Application Thread] MMClient - [>>>][>>>] 2
[INFO ] 2016-10-27 21:19:33.182 [JavaFX Application Thread] MMClient - [>>>][>>>] 2
[INFO ] 2016-10-27 21:19:33.183 [JavaFX Application Thread] MMClient - [>>>][>>>] 3
[INFO ] 2016-10-27 21:21:28.162 [JavaFX Application Thread] MMClient - [>>>][>>>] 1
[INFO ] 2016-10-27 21:21:28.166 [JavaFX Application Thread] MMClient - [>>>][>>>] 2
[INFO ] 2016-10-27 21:21:28.169 [JavaFX Application Thread] MMClient - [>>>][>>>] 3
[INFO ] 2016-10-27 21:21:34.315 [JavaFX Application Thread] MMClient - [>>>][>>>] 1
[INFO ] 2016-10-27 21:21:34.315 [JavaFX Application Thread] MMClient - [>>>][>>>] 2
[INFO ] 2016-10-27 21:21:34.316 [JavaFX Application Thread] MMClient - [>>>][>>>] 2
[INFO ] 2016-10-27 21:21:34.316 [JavaFX Application Thread] MMClient - [>>>][>>>] 2
[INFO ] 2016-10-27 21:21:34.317 [JavaFX Application Thread] MMClient - [>>>][>>>] 2
[INFO ] 2016-10-27 21:21:34.317 [JavaFX Application Thread] MMClient - [>>>][>>>] 3
[INFO ] 2016-10-27 21:31:29.792 [JavaFX Application Thread] MMClient - [>>>][>>>] 1
[INFO ] 2016-10-27 21:31:29.794 [JavaFX Application Thread] MMClient - [>>>][>>>] 2
[INFO ] 2016-10-27 21:31:29.796 [JavaFX Application Thread] MMClient - [>>>][>>>] 3
[INFO ] 2016-10-27 21:31:33.252 [JavaFX Application Thread] MMClient - [>>>][>>>] 1
[INFO ] 2016-10-27 21:31:33.252 [JavaFX Application Thread] MMClient - [>>>][>>>] 2
[INFO ] 2016-10-27 21:31:33.255 [JavaFX Application Thread] MMClient - [>>>][>>>] 2
[INFO ] 2016-10-27 21:31:33.255 [JavaFX Application Thread] MMClient - [>>>][>>>] 3
[INFO ] 2016-10-27 21:32:53.338 [JavaFX Application Thread] MMClient - [>>>][>>>] 1
[INFO ] 2016-10-27 21:32:53.342 [JavaFX Application Thread] MMClient - [>>>][>>>] 2
[INFO ] 2016-10-27 21:32:53.343 [JavaFX Application Thread] MMClient - [>>>][>>>] 3
[INFO ] 2016-10-27 21:33:00.563 [JavaFX Application Thread] MMClient - [>>>][>>>] 1
[INFO ] 2016-10-27 21:33:00.563 [JavaFX Application Thread] MMClient - [>>>][>>>] 2
[INFO ] 2016-10-27 21:33:00.564 [JavaFX Application Thread] MMClient - [>>>][>>>] 2
[INFO ] 2016-10-27 21:33:00.564 [JavaFX Application Thread] MMClient - [>>>][>>>] 2
[INFO ] 2016-10-27 21:33:00.564 [JavaFX Application Thread] MMClient - [>>>][>>>] 2
[INFO ] 2016-10-27 21:33:00.564 [JavaFX Application Thread] MMClient - [>>>][>>>] 3
[INFO ] 2016-10-27 21:41:03.521 [JavaFX Application Thread] MMClient - [>>>][>>>] 1
[INFO ] 2016-10-27 21:41:03.523 [JavaFX Application Thread] MMClient - [>>>][>>>] 2
[INFO ] 2016-10-27 21:41:03.524 [JavaFX Application Thread] MMClient - [>>>][>>>] 3
[INFO ] 2016-10-27 21:41:06.972 [JavaFX Application Thread] MMClient - [>>>][>>>] 1
[INFO ] 2016-10-27 21:41:06.972 [JavaFX Application Thread] MMClient - [>>>][>>>] 2
[INFO ] 2016-10-27 21:41:06.975 [JavaFX Application Thread] MMClient - [>>>][>>>] 2
[INFO ] 2016-10-27 21:41:06.975 [JavaFX Application Thread] MMClient - [>>>][>>>] 3
[INFO ] 2016-10-27 21:42:39.399 [JavaFX Application Thread] MMClient - [>>>][>>>] 1
[INFO ] 2016-10-27 21:42:39.402 [JavaFX Application Thread] MMClient - [>>>][>>>] 2
[INFO ] 2016-10-27 21:42:39.404 [JavaFX Application Thread] MMClient - [>>>][>>>] 3
[INFO ] 2016-10-27 21:42:42.596 [JavaFX Application Thread] MMClient - [>>>][>>>] 1
[INFO ] 2016-10-27 21:42:42.596 [JavaFX Application Thread] MMClient - [>>>][>>>] 2
[INFO ] 2016-10-27 21:42:42.597 [JavaFX Application Thread] MMClient - [>>>][>>>] 2
[INFO ] 2016-10-27 21:42:42.597 [JavaFX Application Thread] MMClient - [>>>][>>>] 2
[INFO ] 2016-10-27 21:42:42.597 [JavaFX Application Thread] MMClient - [>>>][>>>] 2
[INFO ] 2016-10-27 21:42:42.597 [JavaFX Application Thread] MMClient - [>>>][>>>] 3
